<?xml version="1.0" encoding="UTF-8"?>
<!-- Generated by org.testng.reporters.JUnitReportReporter -->
<testsuite hostname="Ryota" failures="0" tests="11" name="myTestCases" time="1.626" errors="0" timestamp="2024-10-19T22:20:39 AST" skipped="9">
  <testcase classname="myTestCases" name="login" time="1.078"/>
  <system-out/>
  <testcase classname="myTestCases" name="siteMap" time="0.548"/>
  <system-out/>
  <testcase classname="myTestCases" name="addCK">
    <skipped/>
  </testcase> <!-- addCK -->
  <system-out/>
  <testcase classname="myTestCases" name="hairCare">
    <skipped/>
  </testcase> <!-- hairCare -->
  <system-out/>
  <testcase classname="myTestCases" name="addSeaweed">
    <skipped/>
  </testcase> <!-- addSeaweed -->
  <system-out/>
  <testcase classname="myTestCases" name="signUp">
    <skipped/>
  </testcase> <!-- signUp -->
  <system-out/>
  <testcase classname="myTestCases" name="Deodorant">
    <skipped/>
  </testcase> <!-- Deodorant -->
  <system-out/>
  <testcase classname="myTestCases" name="Seaweed">
    <skipped/>
  </testcase> <!-- Seaweed -->
  <system-out/>
  <testcase classname="myTestCases" name="registerInfo">
    <skipped/>
  </testcase> <!-- registerInfo -->
  <system-out/>
  <testcase classname="myTestCases" name="footer">
    <skipped/>
  </testcase> <!-- footer -->
  <system-out/>
  <testcase classname="myTestCases" name="addMenItem">
    <skipped/>
  </testcase> <!-- addMenItem -->
  <system-out/>
</testsuite> <!-- myTestCases -->
